<?xml version="1.0" encoding="UTF-8"?>
<testng-results skipped="0" failed="0" ignored="0" total="4" passed="4">
  <reporter-output>
  </reporter-output>
  <suite name="Default suite" duration-ms="49146" started-at="2020-08-27T17:08:44 IST" finished-at="2020-08-27T17:09:33 IST">
    <groups>
    </groups>
    <test name="Default test" duration-ms="49146" started-at="2020-08-27T17:08:44 IST" finished-at="2020-08-27T17:09:33 IST">
      <class name="blazedemotests.FindFlightsFunctionalityTest">
        <test-method status="PASS" signature="setUpTest()[pri:0, instance:blazedemotests.FindFlightsFunctionalityTest@458c1321]" name="setUpTest" is-config="true" duration-ms="24029" started-at="2020-08-27T17:08:44 IST" finished-at="2020-08-27T17:09:08 IST">
          <reporter-output>
          </reporter-output>
        </test-method> <!-- setUpTest -->
        <test-method status="PASS" signature="findflightstest()[pri:1, instance:blazedemotests.FindFlightsFunctionalityTest@458c1321]" name="findflightstest" duration-ms="6215" started-at="2020-08-27T17:09:08 IST" finished-at="2020-08-27T17:09:14 IST">
          <reporter-output>
          </reporter-output>
        </test-method> <!-- findflightstest -->
        <test-method status="PASS" signature="reserveflighttest()[pri:2, instance:blazedemotests.FindFlightsFunctionalityTest@458c1321]" name="reserveflighttest" duration-ms="2971" started-at="2020-08-27T17:09:14 IST" finished-at="2020-08-27T17:09:17 IST">
          <reporter-output>
          </reporter-output>
        </test-method> <!-- reserveflighttest -->
        <test-method status="PASS" signature="enterpassengerdetailstest()[pri:3, instance:blazedemotests.FindFlightsFunctionalityTest@458c1321]" name="enterpassengerdetailstest" duration-ms="11940" started-at="2020-08-27T17:09:17 IST" finished-at="2020-08-27T17:09:29 IST">
          <reporter-output>
          </reporter-output>
        </test-method> <!-- enterpassengerdetailstest -->
        <test-method status="PASS" signature="confirmationdetailstest()[pri:4, instance:blazedemotests.FindFlightsFunctionalityTest@458c1321]" name="confirmationdetailstest" duration-ms="2781" started-at="2020-08-27T17:09:29 IST" finished-at="2020-08-27T17:09:32 IST">
          <reporter-output>
          </reporter-output>
        </test-method> <!-- confirmationdetailstest -->
        <test-method status="PASS" signature="tearDownTest()[pri:0, instance:blazedemotests.FindFlightsFunctionalityTest@458c1321]" name="tearDownTest" is-config="true" duration-ms="1048" started-at="2020-08-27T17:09:32 IST" finished-at="2020-08-27T17:09:33 IST">
          <reporter-output>
          </reporter-output>
        </test-method> <!-- tearDownTest -->
        <test-method status="PASS" signature="tearDown()[pri:0, instance:blazedemotests.FindFlightsFunctionalityTest@458c1321]" name="tearDown" is-config="true" duration-ms="1368" started-at="2020-08-27T17:09:33 IST" finished-at="2020-08-27T17:09:34 IST">
          <reporter-output>
          </reporter-output>
        </test-method> <!-- tearDown -->
      </class> <!-- blazedemotests.FindFlightsFunctionalityTest -->
    </test> <!-- Default test -->
  </suite> <!-- Default suite -->
</testng-results>
