<?xml version="1.0" encoding="UTF-8"?>
<!-- Generated by org.testng.reporters.JUnitXMLReporter -->
<testsuite hostname="hp1" ignored="0" name="FlightsBookingTest" tests="4" failures="0" timestamp="2020-08-27T15:37:55 IST" time="46.385" errors="0">
  <testcase name="findflightstest" time="5.848" classname="blazedemotests.FindFlightsFunctionalityTest"/>
  <testcase name="reserveflighttest" time="2.243" classname="blazedemotests.FindFlightsFunctionalityTest"/>
  <testcase name="enterpassengerdetailstest" time="11.096" classname="blazedemotests.FindFlightsFunctionalityTest"/>
  <testcase name="confirmationdetailstest" time="2.921" classname="blazedemotests.FindFlightsFunctionalityTest"/>
</testsuite> <!-- FlightsBookingTest -->
