<?xml version="1.0" encoding="UTF-8"?>
<!-- Generated by org.testng.reporters.JUnitXMLReporter -->
<testsuite hostname="hp1" ignored="0" name="Default test" tests="4" failures="0" timestamp="2020-08-27T17:09:33 IST" time="49.146" errors="0">
  <testcase name="findflightstest" time="6.215" classname="blazedemotests.FindFlightsFunctionalityTest"/>
  <testcase name="reserveflighttest" time="2.971" classname="blazedemotests.FindFlightsFunctionalityTest"/>
  <testcase name="enterpassengerdetailstest" time="11.94" classname="blazedemotests.FindFlightsFunctionalityTest"/>
  <testcase name="confirmationdetailstest" time="2.781" classname="blazedemotests.FindFlightsFunctionalityTest"/>
</testsuite> <!-- Default test -->
